<?xml version="1.0" encoding="UTF-8"?>
<!-- Generated by org.testng.reporters.JUnitXMLReporter -->
<testsuite ignored="0" hostname="Kittu" failures="0" tests="4" name="EndtoEnd_Validation" time="24.754" errors="0" timestamp="2023-10-05T09:30:46 IST">
  <testcase classname="Opencart_Test.End_to_End_Registration_Login_Logout" name="RegistrationEtoE" time="8.302"/>
  <testcase classname="Opencart_Test.End_to_End_Registration_Login_Logout" name="LogoutEtoE" time="3.107"/>
  <testcase classname="Opencart_Test.End_to_End_Registration_Login_Logout" name="LoginEtoE" time="5.422"/>
  <testcase classname="Opencart_Test.End_to_End_Registration_Login_Logout" name="LogoutEtoE2" time="3.1"/>
</testsuite> <!-- EndtoEnd_Validation -->
