<?xml version="1.0" encoding="UTF-8"?>
<!-- Generated by org.testng.reporters.JUnitXMLReporter -->
<testsuite ignored="0" hostname="Kittu" failures="0" tests="11" name="Registration_page_Validation" time="112.412" errors="0" timestamp="2023-10-05T09:28:42 IST">
  <testcase classname="Opencart_Test.Validate_Registration_page" name="Registration" time="9.123"/>
  <testcase classname="Opencart_Test.Validate_Registration_page" name="Registration_with_NoData" time="6.19"/>
  <testcase classname="Opencart_Test.Validate_Registration_page" name="Registration_2" time="8.793"/>
  <testcase classname="Opencart_Test.Validate_Registration_page" name="Registration_3" time="8.868"/>
  <testcase classname="Opencart_Test.Validate_Registration_page" name="Registration_With_InvalidData" time="12.717"/>
  <testcase classname="Opencart_Test.Validate_Registration_page" name="Registration_With_Incorrectpassword" time="8.087"/>
  <testcase classname="Opencart_Test.Validate_Registration_page" name="Registration_PasswordLength" time="8.041"/>
  <testcase classname="Opencart_Test.Validate_Registration_page" name="Registration_Policy" time="8.949"/>
  <testcase classname="Opencart_Test.Validate_Registration_page" name="Registration_Telephone" time="15.767"/>
  <testcase classname="Opencart_Test.Validate_Registration_page" name="Registration_Home" time="7.145"/>
  <testcase classname="Opencart_Test.Validate_Registration_page" name="Registration_Login" time="7.155"/>
</testsuite> <!-- Registration_page_Validation -->
